** Message: 10:51:40.403: environement.vala:58: Exporting primary_variable
** Message: 10:51:40.403: environement.vala:59: desktop_environnement XDG_CURRENT_DESKTOP
** Message: 10:51:40.403: environement.vala:150: confir_dirs is null, export : /etc/xdg
** Message: 10:51:40.403: environement.vala:184: Exporting XDG_CONFIG_DIRS
** Message: 10:51:40.403: environement.vala:218: custom_data :
** Message: 10:51:40.403: environement.vala:219: data_dirs :/usr/share/fkms:/usr/local/share:/usr/share/raspi-ui-overrides:/usr/share:/usr/share/gdm:/var/lib/menu-xdg
** Message: 10:51:40.403: environement.vala:220: data_dirs not null, export : /usr/share/fkms:/usr/local/share:/usr/share/raspi-ui-overrides:/usr/share:/usr/share/gdm:/var/lib/menu-xdg
** Message: 10:51:40.403: environement.vala:225: Exporting XDG_DATA_DIRS
** Message: 10:51:40.403: utils.vala:138: Config system location : /etc/xdg/lxsession/LXDE-pi
** Message: 10:51:40.404: utils.vala:144: System system path location : /etc/xdg/lxsession/LXDE-pi/desktop.conf
** Message: 10:51:40.405: utils.vala:148: Final file used : /etc/xdg/lxsession/LXDE-pi/desktop.conf
** Message: 10:51:40.405: utils.vala:39: Config system location : /etc/xdg/lxsession/LXDE-pi
** Message: 10:51:40.405: utils.vala:45: System system path location : /etc/xdg/lxsession/LXDE-pi/desktop.conf

** (lxsession:946): WARNING **: 10:51:40.406: utils.vala:70: そのようなファイルやディレクトリはありません
** Message: 10:51:40.407: settings.vala:540: キーファイルにグループ“GTK”のキー“iGtk/ColorScheme”がありません
** Message: 10:51:40.407: settings.vala:540: キーファイルにグループ“Session”のキー“windows_manager/command”がありません
** Message: 10:51:40.407: settings.vala:540: キーファイルにグループ“Session”のキー“panel/command”がありません
** Message: 10:51:40.407: settings.vala:540: キーファイルにグループ“Session”のキー“dock/command”がありません
** Message: 10:51:40.407: settings.vala:540: キーファイルにグループ“Session”のキー“file_manager/command”がありません
** Message: 10:51:40.407: settings.vala:540: キーファイルにグループ“Session”のキー“desktop_manager/command”がありません
** Message: 10:51:40.407: settings.vala:540: キーファイルにグループ“Session”のキー“launcher_manager/autostart”がありません
** Message: 10:51:40.407: settings.vala:540: キーファイルにグループ“Session”のキー“composite_manager/command”がありません
** Message: 10:51:40.407: settings.vala:540: キーファイルにグループ“Session”のキー“im1/command”がありません
** Message: 10:51:40.407: settings.vala:540: キーファイルにグループ“Session”のキー“im2/command”がありません
** Message: 10:51:40.407: settings.vala:540: キーファイルにグループ“Session”のキー“widget1/command”がありません
** Message: 10:51:40.407: settings.vala:540: キーファイルにグループ“Session”のキー“notification/command”がありません
** Message: 10:51:40.407: settings.vala:540: キーファイルにグループ“Session”のキー“keybindings/command”がありません
** Message: 10:51:40.407: settings.vala:540: キーファイルにグループ“Session”のキー“im_manager/command”がありません
** Message: 10:51:40.407: settings.vala:540: キーファイルにグループ“Session”のキー“screensaver/command”がありません
** Message: 10:51:40.408: settings.vala:540: キーファイルにグループ“Session”のキー“power_manager/command”がありません
** Message: 10:51:40.408: settings.vala:540: キーファイルにグループ“Session”のキー“audio_manager/command”がありません
** Message: 10:51:40.408: settings.vala:540: キーファイルにグループ“Session”のキー“workspace_manager/command”がありません
** Message: 10:51:40.408: settings.vala:540: キーファイルにグループ“Session”のキー“screenshot_manager/command”がありません
** Message: 10:51:40.408: settings.vala:540: キーファイルにグループ“Session”のキー“message_manager/command”がありません
** Message: 10:51:40.408: settings.vala:540: キーファイルにグループ“Session”のキー“upgrade_manager/command”がありません
** Message: 10:51:40.408: settings.vala:540: キーファイルにグループ“Session”のキー“updates_manager/command”がありません
** Message: 10:51:40.408: settings.vala:540: キーファイルにグループ“Session”のキー“updates_manager/timeout”がありません
** Message: 10:51:40.408: settings.vala:540: キーファイルにグループ“Session”のキー“crash_manager/command”がありません
** Message: 10:51:40.408: settings.vala:540: キーファイルにグループ“Session”のキー“crash_manager/dev_mode”がありません
** Message: 10:51:40.408: settings.vala:540: キーファイルにグループ“Session”のキー“crash_manager/timeout”がありません
** Message: 10:51:40.409: settings.vala:540: キーファイルにグループ“Session”のキー“upstart_user_session”がありません
** Message: 10:51:40.409: settings.vala:540: キーファイルにグループ“Session”のキー“proxy_manager/http”がありません
** Message: 10:51:40.409: settings.vala:540: キーファイルにグループ“Session”のキー“a11y/command”がありません
** Message: 10:51:40.409: settings.vala:540: キーファイルにグループ“Session”のキー“xrandr/command”がありません
** Message: 10:51:40.409: settings.vala:540: キーファイルにグループ“Session”のキー“network_gui/command”がありません
** Message: 10:51:40.409: settings.vala:540: キーファイルにグループ“Session”のキー“webbrowser/command”がありません
** Message: 10:51:40.409: settings.vala:540: キーファイルにグループ“Session”のキー“email/command”がありません
** Message: 10:51:40.409: settings.vala:540: キーファイルにグループ“Session”のキー“pdf_reader/command”がありません
** Message: 10:51:40.409: settings.vala:540: キーファイルにグループ“Session”のキー“video_player/command”がありません
** Message: 10:51:40.409: settings.vala:540: キーファイルにグループ“Session”のキー“audio_player/command”がありません
** Message: 10:51:40.409: settings.vala:540: キーファイルにグループ“Session”のキー“image_display/command”がありません
** Message: 10:51:40.409: settings.vala:540: キーファイルにグループ“Session”のキー“text_editor/command”がありません
** Message: 10:51:40.409: settings.vala:540: キーファイルにグループ“Session”のキー“archive/command”がありません
** Message: 10:51:40.409: settings.vala:540: キーファイルにグループ“Session”のキー“charmap/command”がありません
** Message: 10:51:40.410: settings.vala:540: キーファイルにグループ“Session”のキー“calculator/command”がありません
** Message: 10:51:40.410: settings.vala:540: キーファイルにグループ“Session”のキー“spreadsheet/command”がありません
** Message: 10:51:40.410: settings.vala:540: キーファイルにグループ“Session”のキー“bittorent/command”がありません
** Message: 10:51:40.410: settings.vala:540: キーファイルにグループ“Session”のキー“document/command”がありません
** Message: 10:51:40.410: settings.vala:540: キーファイルにグループ“Session”のキー“webcam/command”がありません
** Message: 10:51:40.410: settings.vala:540: キーファイルにグループ“Session”のキー“burn/command”がありません
** Message: 10:51:40.410: settings.vala:540: キーファイルにグループ“Session”のキー“notes/command”がありません
** Message: 10:51:40.410: settings.vala:540: キーファイルにグループ“Session”のキー“disk_utility/command”がありません
** Message: 10:51:40.410: settings.vala:540: キーファイルにグループ“Session”のキー“tasks/command”がありません
** Message: 10:51:40.410: settings.vala:540: キーファイルにグループ“Keymap”がありません
** Message: 10:51:40.410: settings.vala:540: キーファイルにグループ“State”のキー“laptop_mode”がありません
** Message: 10:51:40.410: settings.vala:540: キーファイルにグループ“Dbus”のキー“gnome”がありません
** Message: 10:51:40.410: settings.vala:540: キーファイルにグループ“Environment”のキー“type”がありません
** Message: 10:51:40.410: settings.vala:540: キーファイルにグループ“Environment”のキー“ubuntu_menuproxy”がありません
** Message: 10:51:40.410: settings.vala:540: キーファイルにグループ“Environment”のキー“toolkit_integration”がありません
** Message: 10:51:40.411: settings.vala:540: キーファイルにグループ“Environment”のキー“gtk/overlay_scrollbar_disable”がありません
** Message: 10:51:40.411: settings.vala:540: キーファイルにグループ“Environment”のキー“qt/force_theme”がありません
** Message: 10:51:40.411: settings.vala:540: キーファイルにグループ“Environment”のキー“qt/platform”がありません
** Message: 10:51:40.412: settings.vala:462: Monitoring: /etc/xdg/lxsession/LXDE-pi/desktop.conf
** Message: 10:51:40.412: settings.vala:470: Desktop file is not in config home, monitoring creation of it
** Message: 10:51:40.412: settings.vala:485: Monitoring home path: /home/raspi4-01/.config/lxsession/LXDE-pi/desktop.conf
** Message: 10:51:40.412: environement.vala:79: Exporting variable
** Message: 10:51:40.412: environement.vala:80: desktop_environnement XDG_CURRENT_DESKTOP
** Message: 10:51:40.412: environement.vala:177: custom_config :
** Message: 10:51:40.412: environement.vala:178: config_dirs :/etc/xdg
** Message: 10:51:40.412: environement.vala:179: confir_dirs not null, export : /etc/xdg
** Message: 10:51:40.412: environement.vala:184: Exporting XDG_CONFIG_DIRS
** Message: 10:51:40.413: environement.vala:218: custom_data :
** Message: 10:51:40.413: environement.vala:219: data_dirs :/usr/share/fkms:/usr/local/share:/usr/share/raspi-ui-overrides:/usr/share:/usr/share/gdm:/var/lib/menu-xdg
** Message: 10:51:40.413: environement.vala:220: data_dirs not null, export : /usr/share/fkms:/usr/local/share:/usr/share/raspi-ui-overrides:/usr/share:/usr/share/gdm:/var/lib/menu-xdg
** Message: 10:51:40.413: environement.vala:225: Exporting XDG_DATA_DIRS
** Message: 10:51:40.413: utils.vala:39: Config system location : /etc/xdg/lxsession/LXDE-pi
** Message: 10:51:40.413: utils.vala:45: System system path location : /etc/xdg/lxsession/LXDE-pi/desktop.conf

** (lxsession:946): WARNING **: 10:51:40.413: utils.vala:70: そのようなファイルやディレクトリはありません
** Message: 10:51:40.413: environement.vala:254: No entry in [Environment_variable]. キーファイルにグループ“Environment_variable”がありません

** (lxsession:946): WARNING **: 10:51:40.417: process.vala:49: 子プロセス“xprop”の起動に失敗しました (そのようなファイルやディレクトリはありません)

** (lxsession:946): WARNING **: 10:51:40.417: process.vala:50: Error when launching xprop
** Message: 10:51:40.417: utils.vala:138: Config system location : /etc/xdg/lxsession/LXDE-pi
** Message: 10:51:40.417: utils.vala:144: System system path location : /etc/xdg/lxsession/LXDE-pi/conffiles.conf
** Message: 10:51:40.417: utils.vala:148: Final file used : /etc/xdg/lxsession/LXDE-pi/conffiles.conf
** Message: 10:51:40.418: options.vala:164: Activate xsettings_manager build-in
** Message: 10:51:40.418: utils.vala:39: Config system location : /etc/xdg/lxsession/LXDE-pi
** Message: 10:51:40.418: utils.vala:45: System system path location : /etc/xdg/lxsession/LXDE-pi/desktop.conf

** (lxsession:946): WARNING **: 10:51:40.418: utils.vala:70: そのようなファイルやディレクトリはありません
** Message: 10:51:40.437: app.vala:728: polkit separate
** Message: 10:51:40.438: app.vala:728: polkit separate
** Message: 10:51:40.449: app.vala:76: Launching lxpolkit 
** Message: 10:51:40.449: utils.vala:138: Config system location : /etc/xdg/lxsession/LXDE-pi
** Message: 10:51:40.449: utils.vala:144: System system path location : /etc/xdg/lxsession/LXDE-pi/autostart
** Message: 10:51:40.449: utils.vala:148: Final file used : /etc/xdg/lxsession/LXDE-pi/autostart
** Message: 10:51:40.449: autostart.vala:42: Autostart path : /etc/xdg/lxsession/LXDE-pi/autostart
** Message: 10:51:40.465: app.vala:76: Launching lxpanel 
** Message: 10:51:40.480: app.vala:76: Launching pcmanfm 

** (lxsession:946): WARNING **: 10:51:40.484: app.vala:86: 子プロセス“xscreensaver”の起動に失敗しました (そのようなファイルやディレクトリはありません)

** (lxsession:946): WARNING **: 10:51:40.484: app.vala:87: Error when launching xscreensaver
** Message: 10:51:40.495: options.vala:107: Create build-in Clipboard
** Message: 10:51:40.497: main.vala:450: Check keymap_mode (null)
** Message: 10:51:40.504: app.vala:76: Launching /usr/bin/ssh-agent 
SSH_AUTH_SOCK=/tmp/ssh-O1bzfbe2r0Tn/agent.1134; export SSH_AUTH_SOCK;
SSH_AGENT_PID=1145; export SSH_AGENT_PID;
echo Agent pid 1145;
** Message: 10:51:40.982: app.vala:130: /usr/bin/ssh-agent exit with this type of exit: 0
Openbox-Message: 正当なメニューファイル"/usr/share/lxde/openbox/menu.xml"を見つけることができません。
** Message: 10:51:42.161: x-terminal-emulator has very limited support, consider choosing another terminal

** (pcmanfm:1131): WARNING **: 10:51:42.165: The directory '/home/raspi4-01/Templates' doesn't exist, ignoring it
** Message: 10:51:42.436: x-terminal-emulator has very limited support, consider choosing another terminal

** (lxpanel:1129): WARNING **: 10:51:42.440: The directory '/home/raspi4-01/Templates' doesn't exist, ignoring it
** Message: 10:51:44.299: netman: network manager service not running; plugin hidden
** Message: 10:51:44.340: Connecting ...
** Message: 10:51:44.340: Status changed to down

** (lxpanel:1129): CRITICAL **: 10:51:44.340: dhcpcd_open: デバイスに対する不適切なioctlです
** Message: 10:51:44.529: ptbatt: battery 0 not found
** Message: 10:51:45.230: up: Checking for updates
** Message: 10:51:45.344: Status changed to opened
** Message: 10:51:45.344: Connected to dhcpcd-8.1.2
** Message: 10:51:45.348: Status changed to connected
** Message: 10:51:45.348: eth0: CARRIER
** Message: 10:51:45.348: eth0: Configured 172.22.5.201/16
** Message: 10:51:45.348: wlan0: Not associated
** Message: 10:51:45.353: wlan0: WPA status connected
** Message: 11:10:23.363: up: Cache updated - comparing versions
** Message: 11:10:30.792: up: Check complete - 69 updates available
** Message: 11:15:32.459: eth0: Link is down
** Message: 11:15:32.460: Status changed to disconnected
** Message: 11:17:37.131: eth0: Link is up, configuring
** Message: 11:17:37.131: Status changed to connecting
** Message: 11:17:41.960: eth0: Configured 172.22.5.201/16
** Message: 11:17:41.960: Status changed to connected
/usr/share/system-config-printer/applet.py:364: Warning: Source ID 11 was not found when attempting to remove it
  GLib.source_remove (self.timer)
** Message: 11:17:54.714: eth0: Link is down
** Message: 11:17:54.715: Status changed to disconnected
/usr/share/system-config-printer/applet.py:364: Warning: Source ID 17 was not found when attempting to remove it
  GLib.source_remove (self.timer)
** Message: 11:18:41.688: eth0: Link is up, configuring
** Message: 11:18:41.688: Status changed to connecting
** Message: 11:18:46.181: eth0: Configured 172.22.5.201/16
** Message: 11:18:46.181: Status changed to connected
/usr/share/system-config-printer/applet.py:364: Warning: Source ID 19 was not found when attempting to remove it
  GLib.source_remove (self.timer)
/usr/share/system-config-printer/applet.py:364: Warning: Source ID 25 was not found when attempting to remove it
  GLib.source_remove (self.timer)
/usr/share/system-config-printer/applet.py:364: Warning: Source ID 29 was not found when attempting to remove it
  GLib.source_remove (self.timer)
** Message: 11:24:09.462: eth0: Link is down
** Message: 11:24:09.463: Status changed to disconnected
** Message: 11:24:48.308: eth0: Link is up, configuring
** Message: 11:24:48.308: Status changed to connecting
** Message: 11:24:53.121: eth0: Configured 172.22.5.201/16
** Message: 11:24:53.122: Status changed to connected
/usr/share/system-config-printer/applet.py:364: Warning: Source ID 31 was not found when attempting to remove it
  GLib.source_remove (self.timer)
/usr/share/system-config-printer/applet.py:364: Warning: Source ID 37 was not found when attempting to remove it
  GLib.source_remove (self.timer)
** Message: 11:26:53.384: eth0: Link is down
** Message: 11:26:53.385: Status changed to disconnected
** Message: 11:27:58.738: eth0: Link is up, configuring
** Message: 11:27:58.738: Status changed to connecting
** Message: 11:28:04.037: eth0: Configured 172.22.5.201/16
** Message: 11:28:04.037: Status changed to connected
/usr/share/system-config-printer/applet.py:364: Warning: Source ID 39 was not found when attempting to remove it
  GLib.source_remove (self.timer)
